{
  "RSpec": {
    "coverage": {
      "/Users/zen/i-instagram/app/helpers/application_helper.rb": [
        1,
        null
      ],
      "/Users/zen/i-instagram/app/helpers/users_helper.rb": [
        1,
        null
      ],
      "/Users/zen/i-instagram/app/controllers/home_controller.rb": [
        1,
        1,
        2,
        1,
        null,
        1,
        null,
        null,
        null
      ],
      "/Users/zen/i-instagram/app/controllers/application_controller.rb": [
        1,
        1,
        1,
        null,
        1,
        null,
        5,
        null,
        2,
        6,
        null,
        null,
        1,
        6,
        null,
        null,
        null,
        1,
        4,
        null,
        null
      ],
      "/Users/zen/i-instagram/app/controllers/users_controller.rb": [
        1,
        1,
        1,
        1,
        1,
        1,
        1,
        null,
        null,
        1,
        1,
        null,
        null,
        1,
        3,
        1,
        1,
        1,
        null,
        2,
        2,
        2,
        2,
        2,
        2,
        null,
        null,
        null,
        1,
        1,
        1,
        1,
        null,
        null,
        null
      ],
      "/Users/zen/i-instagram/app/models/user.rb": [
        1,
        1,
        2,
        2,
        null,
        null,
        null,
        null,
        null,
        null,
        2,
        null,
        null,
        1,
        null,
        null,
        1,
        1,
        1,
        11,
        null,
        1,
        null,
        null
      ],
      "/Users/zen/i-instagram/app/models/application_record.rb": [
        1,
        1,
        null
      ],
      "/Users/zen/i-instagram/app/models/image.rb": [
        1,
        1,
        1,
        11,
        11,
        11,
        null,
        null
      ]
    },
    "timestamp": 1525639875
  }
}
